{
  "0 debug pnpm:scope": {
    "selected": 1
  },
  "1 error pnpm": {
    "code": "ELIFECYCLE",
    "errno": "ENOENT",
    "syscall": "spawn",
    "file": "sh",
    "pkgid": "next-ts-tailwind-starter@",
    "stage": "dev",
    "script": "next dev",
    "pkgname": "next-ts-tailwind-starter",
    "err": {
      "name": "pnpm",
      "message": "next-ts-tailwind-starter@ dev: `next dev`\nspawn ENOENT",
      "code": "ELIFECYCLE",
      "stack": "pnpm: next-ts-tailwind-starter@ dev: `next dev`\nspawn ENOENT\n    at ChildProcess.<anonymous> (/Users/febrilian/.nvm/versions/node/v16.15.1/lib/node_modules/pnpm/dist/pnpm.cjs:95169:22)\n    at ChildProcess.emit (node:events:527:28)\n    at maybeClose (node:internal/child_process:1092:16)\n    at Process.ChildProcess._handle.onexit (node:internal/child_process:302:5)"
    }
  },
  "2 warn pnpm:global": " Local package.json exists, but node_modules missing, did you mean to install?"
}